mode: set
enigmacamp.com/golang-sample/repository/customer_db_repository.go:19.73,22.16 3 1
enigmacamp.com/golang-sample/repository/customer_db_repository.go:22.16,24.3 1 1
enigmacamp.com/golang-sample/repository/customer_db_repository.go:25.2,25.12 1 1
enigmacamp.com/golang-sample/repository/customer_db_repository.go:28.72,30.16 2 1
enigmacamp.com/golang-sample/repository/customer_db_repository.go:30.16,32.3 1 1
enigmacamp.com/golang-sample/repository/customer_db_repository.go:33.2,34.18 2 1
enigmacamp.com/golang-sample/repository/customer_db_repository.go:34.18,39.17 5 1
enigmacamp.com/golang-sample/repository/customer_db_repository.go:39.17,41.4 1 0
enigmacamp.com/golang-sample/repository/customer_db_repository.go:43.3,44.42 2 1
enigmacamp.com/golang-sample/repository/customer_db_repository.go:46.2,46.23 1 1
enigmacamp.com/golang-sample/repository/customer_db_repository.go:49.76,51.16 2 1
enigmacamp.com/golang-sample/repository/customer_db_repository.go:51.16,53.3 1 1
enigmacamp.com/golang-sample/repository/customer_db_repository.go:54.2,55.18 2 1
enigmacamp.com/golang-sample/repository/customer_db_repository.go:55.18,60.17 5 1
enigmacamp.com/golang-sample/repository/customer_db_repository.go:60.17,61.14 1 0
enigmacamp.com/golang-sample/repository/customer_db_repository.go:64.3,64.50 1 1
enigmacamp.com/golang-sample/repository/customer_db_repository.go:66.2,66.22 1 1
enigmacamp.com/golang-sample/repository/customer_db_repository.go:70.61,74.2 1 1
